Classic Timing Analyzer report for 1-1-2
Thu Jan 15 15:14:54 2015
Quartus II Version 9.0 Build 235 06/17/2009 Service Pack 2 SJ Web Edition


---------------------
; Table of Contents ;
---------------------
  1. Legal Notice
  2. Timing Analyzer Summary
  3. Timing Analyzer Settings
  4. Parallel Compilation
  5. tpd
  6. Timing Analyzer Messages



----------------
; Legal Notice ;
----------------
Copyright (C) 1991-2009 Altera Corporation
Your use of Altera Corporation's design tools, logic functions 
and other software and tools, and its AMPP partner logic 
functions, and any output files from any of the foregoing 
(including device programming or simulation files), and any 
associated documentation or information are expressly subject 
to the terms and conditions of the Altera Program License 
Subscription Agreement, Altera MegaCore Function License 
Agreement, or other applicable license agreement, including, 
without limitation, that your use is for the sole purpose of 
programming logic devices manufactured by Altera and sold by 
Altera or its authorized distributors.  Please refer to the 
applicable agreement for further details.



+--------------------------------------------------------------------------------------------------------------------------------+
; Timing Analyzer Summary                                                                                                        ;
+------------------------------+-------+---------------+-------------+------+-------------+------------+----------+--------------+
; Type                         ; Slack ; Required Time ; Actual Time ; From ; To          ; From Clock ; To Clock ; Failed Paths ;
+------------------------------+-------+---------------+-------------+------+-------------+------------+----------+--------------+
; Worst-case tpd               ; N/A   ; None          ; 10.256 ns   ; a    ; and2_output ; --         ; --       ; 0            ;
; Total number of failed paths ;       ;               ;             ;      ;             ;            ;          ; 0            ;
+------------------------------+-------+---------------+-------------+------+-------------+------------+----------+--------------+


+--------------------------------------------------------------------------------------------------------------------+
; Timing Analyzer Settings                                                                                           ;
+---------------------------------------------------------------------+--------------------+------+----+-------------+
; Option                                                              ; Setting            ; From ; To ; Entity Name ;
+---------------------------------------------------------------------+--------------------+------+----+-------------+
; Device Name                                                         ; EP2C5AF256A7       ;      ;    ;             ;
; Timing Models                                                       ; Final              ;      ;    ;             ;
; Default hold multicycle                                             ; Same as Multicycle ;      ;    ;             ;
; Cut paths between unrelated clock domains                           ; On                 ;      ;    ;             ;
; Cut off read during write signal paths                              ; On                 ;      ;    ;             ;
; Cut off feedback from I/O pins                                      ; On                 ;      ;    ;             ;
; Report Combined Fast/Slow Timing                                    ; Off                ;      ;    ;             ;
; Ignore Clock Settings                                               ; Off                ;      ;    ;             ;
; Analyze latches as synchronous elements                             ; On                 ;      ;    ;             ;
; Enable Recovery/Removal analysis                                    ; Off                ;      ;    ;             ;
; Enable Clock Latency                                                ; Off                ;      ;    ;             ;
; Use TimeQuest Timing Analyzer                                       ; Off                ;      ;    ;             ;
; Minimum Core Junction Temperature                                   ; -40                ;      ;    ;             ;
; Maximum Core Junction Temperature                                   ; 125                ;      ;    ;             ;
; Number of source nodes to report per destination node               ; 10                 ;      ;    ;             ;
; Number of destination nodes to report                               ; 10                 ;      ;    ;             ;
; Number of paths to report                                           ; 200                ;      ;    ;             ;
; Report Minimum Timing Checks                                        ; Off                ;      ;    ;             ;
; Use Fast Timing Models                                              ; Off                ;      ;    ;             ;
; Report IO Paths Separately                                          ; Off                ;      ;    ;             ;
; Perform Multicorner Analysis                                        ; On                 ;      ;    ;             ;
; Reports the worst-case path for each clock domain and analysis      ; Off                ;      ;    ;             ;
; Removes common clock path pessimism (CCPP) during slack computation ; Off                ;      ;    ;             ;
; Output I/O Timing Endpoint                                          ; Near End           ;      ;    ;             ;
+---------------------------------------------------------------------+--------------------+------+----+-------------+


Parallel compilation was disabled, but you have multiple processors available. Enable parallel compilation to reduce compilation time.
+-------------------------------------+
; Parallel Compilation                ;
+----------------------------+--------+
; Processors                 ; Number ;
+----------------------------+--------+
; Number detected on machine ; 4      ;
; Maximum allowed            ; 1      ;
+----------------------------+--------+


+------------------------------------------------------------------+
; tpd                                                              ;
+-------+-------------------+-----------------+------+-------------+
; Slack ; Required P2P Time ; Actual P2P Time ; From ; To          ;
+-------+-------------------+-----------------+------+-------------+
; N/A   ; None              ; 10.256 ns       ; a    ; and2_output ;
; N/A   ; None              ; 10.246 ns       ; a    ; and3_output ;
; N/A   ; None              ; 9.918 ns        ; c    ; and2_output ;
; N/A   ; None              ; 9.908 ns        ; c    ; and3_output ;
; N/A   ; None              ; 9.553 ns        ; b    ; and2_output ;
; N/A   ; None              ; 9.543 ns        ; b    ; and3_output ;
+-------+-------------------+-----------------+------+-------------+


+--------------------------+
; Timing Analyzer Messages ;
+--------------------------+
Info: *******************************************************************
Info: Running Quartus II Classic Timing Analyzer
    Info: Version 9.0 Build 235 06/17/2009 Service Pack 2 SJ Web Edition
    Info: Processing started: Thu Jan 15 15:14:54 2015
Info: Command: quartus_tan --read_settings_files=off --write_settings_files=off 1-1-2 -c 1-1-2 --timing_analysis_only
Info: Longest tpd from source pin "a" to destination pin "and2_output" is 10.256 ns
    Info: 1: + IC(0.000 ns) + CELL(0.881 ns) = 0.881 ns; Loc. = PIN_D3; Fanout = 1; PIN Node = 'a'
    Info: 2: + IC(5.336 ns) + CELL(0.565 ns) = 6.782 ns; Loc. = LCCOMB_X1_Y13_N0; Fanout = 2; COMB Node = 'inst~0'
    Info: 3: + IC(0.539 ns) + CELL(2.935 ns) = 10.256 ns; Loc. = PIN_C1; Fanout = 0; PIN Node = 'and2_output'
    Info: Total cell delay = 4.381 ns ( 42.72 % )
    Info: Total interconnect delay = 5.875 ns ( 57.28 % )
Info: Quartus II Classic Timing Analyzer was successful. 0 errors, 0 warnings
    Info: Peak virtual memory: 150 megabytes
    Info: Processing ended: Thu Jan 15 15:14:55 2015
    Info: Elapsed time: 00:00:01
    Info: Total CPU time (on all processors): 00:00:00


